<?xml version="1.0" encoding="UTF-8"?>
<testng-results ignored="0" total="10" passed="10" failed="0" skipped="0">
  <reporter-output>
  </reporter-output>
  <suite started-at="2023-11-03T16:53:38 MSK" name="Surefire suite" finished-at="2023-11-03T16:55:20 MSK" duration-ms="102338">
    <groups>
    </groups>
    <test started-at="2023-11-03T16:53:38 MSK" name="Surefire test" finished-at="2023-11-03T16:55:20 MSK" duration-ms="102338">
      <class name="ru.yandex.praktikum.MainPageQuestionsTest">
        <test-method signature="checkClickQuestion_expectTextIsDisplayed()" started-at="2023-11-03T16:53:38 MSK" name="checkClickQuestion_expectTextIsDisplayed[0]" finished-at="2023-11-03T16:53:49 MSK" duration-ms="11061" status="PASS">
          <reporter-output>
          </reporter-output>
        </test-method> <!-- checkClickQuestion_expectTextIsDisplayed[0] -->
        <test-method signature="checkClickQuestion_expectTextIsDisplayed()" started-at="2023-11-03T16:53:38 MSK" name="checkClickQuestion_expectTextIsDisplayed[3]" finished-at="2023-11-03T16:54:18 MSK" duration-ms="39671" status="PASS">
          <reporter-output>
          </reporter-output>
        </test-method> <!-- checkClickQuestion_expectTextIsDisplayed[3] -->
        <test-method signature="checkClickQuestion_expectTextIsDisplayed()" started-at="2023-11-03T16:53:38 MSK" name="checkClickQuestion_expectTextIsDisplayed[2]" finished-at="2023-11-03T16:54:08 MSK" duration-ms="30214" status="PASS">
          <reporter-output>
          </reporter-output>
        </test-method> <!-- checkClickQuestion_expectTextIsDisplayed[2] -->
        <test-method signature="checkClickQuestion_expectTextIsDisplayed()" started-at="2023-11-03T16:53:38 MSK" name="checkClickQuestion_expectTextIsDisplayed[1]" finished-at="2023-11-03T16:53:59 MSK" duration-ms="20505" status="PASS">
          <reporter-output>
          </reporter-output>
        </test-method> <!-- checkClickQuestion_expectTextIsDisplayed[1] -->
        <test-method signature="checkClickQuestion_expectTextIsDisplayed()" started-at="2023-11-03T16:53:38 MSK" name="checkClickQuestion_expectTextIsDisplayed[4]" finished-at="2023-11-03T16:54:27 MSK" duration-ms="49220" status="PASS">
          <reporter-output>
          </reporter-output>
        </test-method> <!-- checkClickQuestion_expectTextIsDisplayed[4] -->
        <test-method signature="checkClickQuestion_expectTextIsDisplayed()" started-at="2023-11-03T16:53:38 MSK" name="checkClickQuestion_expectTextIsDisplayed[5]" finished-at="2023-11-03T16:54:37 MSK" duration-ms="58562" status="PASS">
          <reporter-output>
          </reporter-output>
        </test-method> <!-- checkClickQuestion_expectTextIsDisplayed[5] -->
        <test-method signature="checkClickQuestion_expectTextIsDisplayed()" started-at="2023-11-03T16:53:38 MSK" name="checkClickQuestion_expectTextIsDisplayed[6]" finished-at="2023-11-03T16:54:46 MSK" duration-ms="68126" status="PASS">
          <reporter-output>
          </reporter-output>
        </test-method> <!-- checkClickQuestion_expectTextIsDisplayed[6] -->
        <test-method signature="checkClickQuestion_expectTextIsDisplayed()" started-at="2023-11-03T16:53:38 MSK" name="checkClickQuestion_expectTextIsDisplayed[7]" finished-at="2023-11-03T16:54:56 MSK" duration-ms="77947" status="PASS">
          <reporter-output>
          </reporter-output>
        </test-method> <!-- checkClickQuestion_expectTextIsDisplayed[7] -->
      </class> <!-- ru.yandex.praktikum.MainPageQuestionsTest -->
      <class name="ru.yandex.praktikum.OrderScooterTest">
        <test-method signature="checkOrderScooterValidData_expectScooterIsOrdered()" started-at="2023-11-03T16:54:56 MSK" name="checkOrderScooterValidData_expectScooterIsOrdered[1]" finished-at="2023-11-03T16:55:20 MSK" duration-ms="24347" status="PASS">
          <reporter-output>
          </reporter-output>
        </test-method> <!-- checkOrderScooterValidData_expectScooterIsOrdered[1] -->
        <test-method signature="checkOrderScooterValidData_expectScooterIsOrdered()" started-at="2023-11-03T16:54:56 MSK" name="checkOrderScooterValidData_expectScooterIsOrdered[0]" finished-at="2023-11-03T16:55:08 MSK" duration-ms="12346" status="PASS">
          <reporter-output>
          </reporter-output>
        </test-method> <!-- checkOrderScooterValidData_expectScooterIsOrdered[0] -->
      </class> <!-- ru.yandex.praktikum.OrderScooterTest -->
    </test> <!-- Surefire test -->
  </suite> <!-- Surefire suite -->
</testng-results>
