<?xml version="1.0" encoding="UTF-8"?>
<testsuite xmlns:xsi="http://www.w3.org/2001/XMLSchema-instance" xsi:noNamespaceSchemaLocation="https://maven.apache.org/surefire/maven-surefire-plugin/xsd/surefire-test-report-3.0.xsd" version="3.0" name="TestSuite" time="102.814" tests="10" errors="0" skipped="0" failures="0">
  <properties>
[...]
</properties>
  <testcase name="checkClickQuestion_expectTextIsDisplayed[0] on checkClickQuestion_expectTextIsDisplayed[0](ru.yandex.praktikum.MainPageQuestionsTest)" classname="ru.yandex.praktikum.MainPageQuestionsTest" time="11.056">
    <system-err><![CDATA[SLF4J: Failed to load class "org.slf4j.impl.StaticLoggerBinder".
SLF4J: Defaulting to no-operation (NOP) logger implementation
SLF4J: See http://www.slf4j.org/codes.html#StaticLoggerBinder for further details.
нояб. 03, 2023 4:53:38 PM org.openqa.selenium.remote.service.DriverService$Builder getLogOutput
INFO: Driver logs no longer sent to console by default; https://www.selenium.dev/documentation/webdriver/drivers/service/#setting-log-output
]]></system-err>
  </testcase>
  <testcase name="checkClickQuestion_expectTextIsDisplayed[1] on checkClickQuestion_expectTextIsDisplayed[1](ru.yandex.praktikum.MainPageQuestionsTest)" classname="ru.yandex.praktikum.MainPageQuestionsTest" time="9.441">
    <system-err><![CDATA[нояб. 03, 2023 4:53:49 PM org.openqa.selenium.remote.service.DriverService$Builder getLogOutput
INFO: Driver logs no longer sent to console by default; https://www.selenium.dev/documentation/webdriver/drivers/service/#setting-log-output
]]></system-err>
  </testcase>
  <testcase name="checkClickQuestion_expectTextIsDisplayed[2] on checkClickQuestion_expectTextIsDisplayed[2](ru.yandex.praktikum.MainPageQuestionsTest)" classname="ru.yandex.praktikum.MainPageQuestionsTest" time="9.707">
    <system-err><![CDATA[нояб. 03, 2023 4:53:59 PM org.openqa.selenium.remote.service.DriverService$Builder getLogOutput
INFO: Driver logs no longer sent to console by default; https://www.selenium.dev/documentation/webdriver/drivers/service/#setting-log-output
]]></system-err>
  </testcase>
  <testcase name="checkClickQuestion_expectTextIsDisplayed[3] on checkClickQuestion_expectTextIsDisplayed[3](ru.yandex.praktikum.MainPageQuestionsTest)" classname="ru.yandex.praktikum.MainPageQuestionsTest" time="9.457">
    <system-err><![CDATA[нояб. 03, 2023 4:54:08 PM org.openqa.selenium.remote.service.DriverService$Builder getLogOutput
INFO: Driver logs no longer sent to console by default; https://www.selenium.dev/documentation/webdriver/drivers/service/#setting-log-output
]]></system-err>
  </testcase>
  <testcase name="checkClickQuestion_expectTextIsDisplayed[4] on checkClickQuestion_expectTextIsDisplayed[4](ru.yandex.praktikum.MainPageQuestionsTest)" classname="ru.yandex.praktikum.MainPageQuestionsTest" time="9.549">
    <system-err><![CDATA[нояб. 03, 2023 4:54:18 PM org.openqa.selenium.remote.service.DriverService$Builder getLogOutput
INFO: Driver logs no longer sent to console by default; https://www.selenium.dev/documentation/webdriver/drivers/service/#setting-log-output
]]></system-err>
  </testcase>
  <testcase name="checkClickQuestion_expectTextIsDisplayed[5] on checkClickQuestion_expectTextIsDisplayed[5](ru.yandex.praktikum.MainPageQuestionsTest)" classname="ru.yandex.praktikum.MainPageQuestionsTest" time="9.341">
    <system-err><![CDATA[нояб. 03, 2023 4:54:27 PM org.openqa.selenium.remote.service.DriverService$Builder getLogOutput
INFO: Driver logs no longer sent to console by default; https://www.selenium.dev/documentation/webdriver/drivers/service/#setting-log-output
]]></system-err>
  </testcase>
  <testcase name="checkClickQuestion_expectTextIsDisplayed[6] on checkClickQuestion_expectTextIsDisplayed[6](ru.yandex.praktikum.MainPageQuestionsTest)" classname="ru.yandex.praktikum.MainPageQuestionsTest" time="9.563">
    <system-err><![CDATA[нояб. 03, 2023 4:54:37 PM org.openqa.selenium.remote.service.DriverService$Builder getLogOutput
INFO: Driver logs no longer sent to console by default; https://www.selenium.dev/documentation/webdriver/drivers/service/#setting-log-output
]]></system-err>
  </testcase>
  <testcase name="checkClickQuestion_expectTextIsDisplayed[7] on checkClickQuestion_expectTextIsDisplayed[7](ru.yandex.praktikum.MainPageQuestionsTest)" classname="ru.yandex.praktikum.MainPageQuestionsTest" time="9.82">
    <system-err><![CDATA[нояб. 03, 2023 4:54:46 PM org.openqa.selenium.remote.service.DriverService$Builder getLogOutput
INFO: Driver logs no longer sent to console by default; https://www.selenium.dev/documentation/webdriver/drivers/service/#setting-log-output
]]></system-err>
  </testcase>
  <testcase name="checkOrderScooterValidData_expectScooterIsOrdered[0] on checkOrderScooterValidData_expectScooterIsOrdered[0](ru.yandex.praktikum.OrderScooterTest)" classname="ru.yandex.praktikum.OrderScooterTest" time="12.345">
    <system-err><![CDATA[нояб. 03, 2023 4:54:56 PM org.openqa.selenium.remote.service.DriverService$Builder getLogOutput
INFO: Driver logs no longer sent to console by default; https://www.selenium.dev/documentation/webdriver/drivers/service/#setting-log-output
]]></system-err>
  </testcase>
  <testcase name="checkOrderScooterValidData_expectScooterIsOrdered[1] on checkOrderScooterValidData_expectScooterIsOrdered[1](ru.yandex.praktikum.OrderScooterTest)" classname="ru.yandex.praktikum.OrderScooterTest" time="12.0">
    <system-err><![CDATA[нояб. 03, 2023 4:55:08 PM org.openqa.selenium.remote.service.DriverService$Builder getLogOutput
INFO: Driver logs no longer sent to console by default; https://www.selenium.dev/documentation/webdriver/drivers/service/#setting-log-output
]]></system-err>
  </testcase>
</testsuite>