<?xml version="1.0" encoding="UTF-8"?>
<!-- Generated by org.testng.reporters.JUnitXMLReporter -->
<testsuite ignored="0" hostname="LAPTOP-0FDUR9A6" failures="0" tests="10" name="Surefire test" time="102.338" errors="0" timestamp="2023-11-03T16:55:20 MSK">
  <testcase classname="ru.yandex.praktikum.MainPageQuestionsTest" name="checkClickQuestion_expectTextIsDisplayed[0] on checkClickQuestion_expectTextIsDisplayed[0](ru.yandex.praktikum.MainPageQuestionsTest)" time="11.061"/>
  <testcase classname="ru.yandex.praktikum.MainPageQuestionsTest" name="checkClickQuestion_expectTextIsDisplayed[1] on checkClickQuestion_expectTextIsDisplayed[1](ru.yandex.praktikum.MainPageQuestionsTest)" time="20.505"/>
  <testcase classname="ru.yandex.praktikum.MainPageQuestionsTest" name="checkClickQuestion_expectTextIsDisplayed[2] on checkClickQuestion_expectTextIsDisplayed[2](ru.yandex.praktikum.MainPageQuestionsTest)" time="30.214"/>
  <testcase classname="ru.yandex.praktikum.MainPageQuestionsTest" name="checkClickQuestion_expectTextIsDisplayed[3] on checkClickQuestion_expectTextIsDisplayed[3](ru.yandex.praktikum.MainPageQuestionsTest)" time="39.671"/>
  <testcase classname="ru.yandex.praktikum.MainPageQuestionsTest" name="checkClickQuestion_expectTextIsDisplayed[4] on checkClickQuestion_expectTextIsDisplayed[4](ru.yandex.praktikum.MainPageQuestionsTest)" time="49.22"/>
  <testcase classname="ru.yandex.praktikum.MainPageQuestionsTest" name="checkClickQuestion_expectTextIsDisplayed[5] on checkClickQuestion_expectTextIsDisplayed[5](ru.yandex.praktikum.MainPageQuestionsTest)" time="58.562"/>
  <testcase classname="ru.yandex.praktikum.MainPageQuestionsTest" name="checkClickQuestion_expectTextIsDisplayed[6] on checkClickQuestion_expectTextIsDisplayed[6](ru.yandex.praktikum.MainPageQuestionsTest)" time="68.126"/>
  <testcase classname="ru.yandex.praktikum.MainPageQuestionsTest" name="checkClickQuestion_expectTextIsDisplayed[7] on checkClickQuestion_expectTextIsDisplayed[7](ru.yandex.praktikum.MainPageQuestionsTest)" time="77.947"/>
  <testcase classname="ru.yandex.praktikum.OrderScooterTest" name="checkOrderScooterValidData_expectScooterIsOrdered[0] on checkOrderScooterValidData_expectScooterIsOrdered[0](ru.yandex.praktikum.OrderScooterTest)" time="12.346"/>
  <testcase classname="ru.yandex.praktikum.OrderScooterTest" name="checkOrderScooterValidData_expectScooterIsOrdered[1] on checkOrderScooterValidData_expectScooterIsOrdered[1](ru.yandex.praktikum.OrderScooterTest)" time="24.347"/>
</testsuite> <!-- Surefire test -->
